<?xml version="1.0" encoding="UTF-8"?>
<TestRun id="54a6e9c4-455e-4d9d-8a91-2447a56a1bdf" name="PC@PC-PC 2016-07-13 22:35:47" runUser="PC-PC\PC" xmlns="http://microsoft.com/schemas/VisualStudio/TeamTest/2010">
  <TestSettings name="Local" id="d70924e7-6fba-4600-a0f9-8d0d97118259">
    <Description>These are default test settings for a local test run.</Description>
    <Deployment enabled="false" runDeploymentRoot="PC_PC-PC 2016-07-13 22_35_47">
      <DeploymentItem filename="D:\C#\Selenium\selenium-dotnet-2.53.1\net40\WebDriver.dll" />
      <DeploymentItem filename="D:\C#\Selenium\selenium-dotnet-2.53.1\net40\WebDriver.Support.dll" />
    </Deployment>
    <Execution>
      <TestTypeSpecific />
      <AgentRule name="Execution Agents">
      </AgentRule>
    </Execution>
  </TestSettings>
  <Times creation="2016-07-13T22:35:47.5128471+07:00" queuing="2016-07-13T22:35:47.5418488+07:00" start="2016-07-13T22:35:47.5608499+07:00" finish="2016-07-13T22:36:01.1236256+07:00" />
  <ResultSummary outcome="Completed">
    <Counters total="1" executed="1" passed="1" error="0" failed="0" timeout="0" aborted="0" inconclusive="0" passedButRunAborted="0" notRunnable="0" notExecuted="0" disconnected="0" warning="0" completed="0" inProgress="0" pending="0" />
  </ResultSummary>
  <TestDefinitions>
    <UnitTest name="Method1" storage="d:\c#\exercise\testproject1\testproject1\bin\debug\testproject1.dll" id="dae1c046-8631-f170-d056-5549a2a58b8f">
      <Execution id="2d6e4e9a-ae02-4c06-ab1f-27a0803c51f6" />
      <TestMethod codeBase="D:/C#/Exercise/TestProject1/TestProject1/bin/Debug/TestProject1.DLL" adapterTypeName="Microsoft.VisualStudio.TestTools.TestTypes.Unit.UnitTestAdapter, Microsoft.VisualStudio.QualityTools.Tips.UnitTest.Adapter, Version=10.0.0.0, Culture=neutral, PublicKeyToken=b03f5f7f11d50a3a" className="TestProject1.UnitTest1, TestProject1, Version=1.0.0.0, Culture=neutral, PublicKeyToken=null" name="Method1" />
    </UnitTest>
  </TestDefinitions>
  <TestLists>
    <TestList name="Results Not in a List" id="8c84fa94-04c1-424b-9868-57a2d4851a1d" />
    <TestList name="All Loaded Results" id="19431567-8539-422a-85d7-44ee4e166bda" />
  </TestLists>
  <TestEntries>
    <TestEntry testId="dae1c046-8631-f170-d056-5549a2a58b8f" executionId="2d6e4e9a-ae02-4c06-ab1f-27a0803c51f6" testListId="8c84fa94-04c1-424b-9868-57a2d4851a1d" />
  </TestEntries>
  <Results>
    <UnitTestResult executionId="2d6e4e9a-ae02-4c06-ab1f-27a0803c51f6" testId="dae1c046-8631-f170-d056-5549a2a58b8f" testName="Method1" computerName="PC-PC" duration="00:00:13.0834896" startTime="2016-07-13T22:35:47.5648501+07:00" endTime="2016-07-13T22:36:01.0246200+07:00" testType="13cdc9d9-ddb5-4fa4-a97d-d965ccfc6d4b" outcome="Passed" testListId="8c84fa94-04c1-424b-9868-57a2d4851a1d" relativeResultsDirectory="2d6e4e9a-ae02-4c06-ab1f-27a0803c51f6">
      <Output>
        <StdOut>hello</StdOut>
      </Output>
    </UnitTestResult>
  </Results>
</TestRun>